<?xml version="1.0" encoding="UTF-8"?>
<!-- Generated by org.testng.reporters.JUnitReportReporter -->
<testsuite skipped="0" hostname="LL-B8HT95J" name="testScripts.TC_005_Lensway_PurchaseLenses_Sweden" tests="1" failures="0" timestamp="15 jan 2018 14:57:47 GMT" time="11.187" errors="0">
  <testcase name="lensValidation" time="11.187" classname="testScripts.TC_005_Lensway_PurchaseLenses_Sweden"/>
</testsuite> <!-- testScripts.TC_005_Lensway_PurchaseLenses_Sweden -->
